# JRE version: Java(TM) SE Runtime Environment (8.0_191-b12) (build 1.8.0_191-b12)
# Java VM: Java HotSpot(TM) Client VM (25.191-b12 mixed mode windows-x86 )
Heap:
 def new generation   total 39424K, used 25905K [0x04800000, 0x072c0000, 0x0f2a0000)
  eden space 35072K,  73% used [0x04800000, 0x0614c588, 0x06a40000)
  from space 4352K,   0% used [0x06a40000, 0x06a40000, 0x06e80000)
  to   space 4352K,   0% used [0x06e80000, 0x06e80000, 0x072c0000)
 tenured generation   total 87424K, used 54869K [0x0f2a0000, 0x14800000, 0x24800000)
   the space 87424K,  62% used [0x0f2a0000, 0x12835700, 0x12835800, 0x14800000)
 Metaspace       used 13888K, capacity 14240K, committed 14336K, reserved 14720K
GC Heap History (8 events):
Event: 0.542 GC heap before
{Heap before GC invocations=0 (full 0):
 def new generation   total 39296K, used 34944K [0x04800000, 0x072a0000, 0x0f2a0000)
  eden space 34944K, 100% used [0x04800000, 0x06a20000, 0x06a20000)
  from space 4352K,   0% used [0x06a20000, 0x06a20000, 0x06e60000)
  to   space 4352K,   0% used [0x06e60000, 0x06e60000, 0x072a0000)
 tenured generation   total 87424K, used 0K [0x0f2a0000, 0x14800000, 0x24800000)
   the space 87424K,   0% used [0x0f2a0000, 0x0f2a0000, 0x0f2a0200, 0x14800000)
 Metaspace       used 10149K, capacity 10323K, committed 10368K, reserved 10624K
Event: 0.549 GC heap after
Heap after GC invocations=1 (full 0):
 def new generation   total 39296K, used 4352K [0x04800000, 0x072a0000, 0x0f2a0000)
  eden space 34944K,   0% used [0x04800000, 0x04800000, 0x06a20000)
  from space 4352K, 100% used [0x06e60000, 0x072a0000, 0x072a0000)
  to   space 4352K,   0% used [0x06a20000, 0x06a20000, 0x06e60000)
 tenured generation   total 87424K, used 2865K [0x0f2a0000, 0x14800000, 0x24800000)
   the space 87424K,   3% used [0x0f2a0000, 0x0f56c530, 0x0f56c600, 0x14800000)
 Metaspace       used 10149K, capacity 10323K, committed 10368K, reserved 10624K
}
Event: 0.779 GC heap before
{Heap before GC invocations=1 (full 0):
 def new generation   total 39296K, used 39296K [0x04800000, 0x072a0000, 0x0f2a0000)
  eden space 34944K, 100% used [0x04800000, 0x06a20000, 0x06a20000)
  from space 4352K, 100% used [0x06e60000, 0x072a0000, 0x072a0000)
  to   space 4352K,   0% used [0x06a20000, 0x06a20000, 0x06e60000)
 tenured generation   total 87424K, used 2865K [0x0f2a0000, 0x14800000, 0x24800000)
   the space 87424K,   3% used [0x0f2a0000, 0x0f56c530, 0x0f56c600, 0x14800000)
 Metaspace       used 11110K, capacity 11324K, committed 11392K, reserved 11648K
Event: 0.795 GC heap after
Heap after GC invocations=2 (full 0):
 def new generation   total 39296K, used 4352K [0x04800000, 0x072a0000, 0x0f2a0000)
  eden space 34944K,   0% used [0x04800000, 0x04800000, 0x06a20000)
  from space 4352K, 100% used [0x06a20000, 0x06e60000, 0x06e60000)
  to   space 4352K,   0% used [0x06e60000, 0x06e60000, 0x072a0000)
 tenured generation   total 87424K, used 11162K [0x0f2a0000, 0x14800000, 0x24800000)
   the space 87424K,  12% used [0x0f2a0000, 0x0fd868e8, 0x0fd86a00, 0x14800000)
 Metaspace       used 11110K, capacity 11324K, committed 11392K, reserved 11648K
}
Event: 0.891 GC heap before
{Heap before GC invocations=2 (full 0):
 def new generation   total 39296K, used 39296K [0x04800000, 0x072a0000, 0x0f2a0000)
  eden space 34944K, 100% used [0x04800000, 0x06a20000, 0x06a20000)
  from space 4352K, 100% used [0x06a20000, 0x06e60000, 0x06e60000)
  to   space 4352K,   0% used [0x06e60000, 0x06e60000, 0x072a0000)
 tenured generation   total 87424K, used 11162K [0x0f2a0000, 0x14800000, 0x24800000)
   the space 87424K,  12% used [0x0f2a0000, 0x0fd868e8, 0x0fd86a00, 0x14800000)
 Metaspace       used 11110K, capacity 11324K, committed 11392K, reserved 11648K
Event: 0.940 GC heap after
Heap after GC invocations=3 (full 0):
 def new generation   total 39296K, used 4351K [0x04800000, 0x072a0000, 0x0f2a0000)
  eden space 34944K,   0% used [0x04800000, 0x04800000, 0x06a20000)
  from space 4352K,  99% used [0x06e60000, 0x0729fff8, 0x072a0000)
  to   space 4352K,   0% used [0x06a20000, 0x06a20000, 0x06e60000)
 tenured generation   total 87424K, used 44634K [0x0f2a0000, 0x14800000, 0x24800000)
   the space 87424K,  51% used [0x0f2a0000, 0x11e369c0, 0x11e36a00, 0x14800000)
 Metaspace       used 11110K, capacity 11324K, committed 11392K, reserved 11648K
}
Event: 1.070 GC heap before
{Heap before GC invocations=3 (full 0):
 def new generation   total 39296K, used 16657K [0x04800000, 0x072a0000, 0x0f2a0000)
  eden space 34944K,  35% used [0x04800000, 0x05404450, 0x06a20000)
  from space 4352K,  99% used [0x06e60000, 0x0729fff8, 0x072a0000)
  to   space 4352K,   0% used [0x06a20000, 0x06a20000, 0x06e60000)
 tenured generation   total 87424K, used 44634K [0x0f2a0000, 0x14800000, 0x24800000)
   the space 87424K,  51% used [0x0f2a0000, 0x11e369c0, 0x11e36a00, 0x14800000)
 Metaspace       used 12021K, capacity 12275K, committed 12288K, reserved 12672K
Event: 1.119 GC heap after
Heap after GC invocations=4 (full 1):
 def new generation   total 39424K, used 0K [0x04800000, 0x072c0000, 0x0f2a0000)
  eden space 35072K,   0% used [0x04800000, 0x04800000, 0x06a40000)
  from space 4352K,   0% used [0x06a40000, 0x06a40000, 0x06e80000)
  to   space 4352K,   0% used [0x06e80000, 0x06e80000, 0x072c0000)
 tenured generation   total 87424K, used 54869K [0x0f2a0000, 0x14800000, 0x24800000)
   the space 87424K,  62% used [0x0f2a0000, 0x12835700, 0x12835800, 0x14800000)
 Metaspace       used 12021K, capacity 12275K, committed 12288K, reserved 12672K
}

